<?xml version="1.0" encoding="UTF-8"?>
<!-- Generated by org.testng.reporters.JUnitXMLReporter -->
<testsuite hostname="Maryias-MacBook-Air.local" tests="4" failures="0" timestamp="23 Feb 2016 20:44:11 GMT" time="11.823" errors="0">
  <testcase name="checkEqual" time="0.014" classname="SimpleTest"/>
  <testcase name="testGoogleChrome" time="5.469" classname="SimpleTest"/>
  <testcase name="testGoogleFF" time="3.561" classname="SimpleTest"/>
  <testcase name="testSafari" time="2.741" classname="SimpleTest"/>
</testsuite>
